Final Level: 0
Total Injection Calls: 99995

BUFFER START
	Buffer Id: 1
	Initial Address: 93954922533552
	Final Address: 93954922573552
	Configuration Id: 1
	Data Size (Bytes): 2
	Bit Depth: 8
	Buffer Software Implementation Size Bytes/Bits: 40000 / 320000
	Buffer Proposed Implementation Size Bytes/Bits: 20000 / 160000
	Buffer Elements: 20000

	PERIOD START
		For the period: 0
		Period Read Software Implementation Bytes/Bits: 39998 / 319984
		Period Read Proposed Implementation Bytes/Bits: 19999 / 159992
		Period Write Software Implementation Bytes/Bits: 80000 / 640000
		Period Write Proposed Implementation Bytes/Bits: 40000 / 320000

		Read sub-BER index: 0
		Write sub-BER index: 0
	PERIOD END

	PERIOD START
		For the period: 1
		Period Read Software Implementation Bytes/Bits: 0 / 0
		Period Read Proposed Implementation Bytes/Bits: 0 / 0
		Period Write Software Implementation Bytes/Bits: 0 / 0
		Period Write Proposed Implementation Bytes/Bits: 0 / 0

		Read sub-BER index: 0
		Write sub-BER index: 0
	PERIOD END

	PERIOD START
		For the period: 2
		Period Read Software Implementation Bytes/Bits: 79996 / 639968
		Period Read Proposed Implementation Bytes/Bits: 39998 / 319984
		Period Write Software Implementation Bytes/Bits: 0 / 0
		Period Write Proposed Implementation Bytes/Bits: 0 / 0

		Read sub-BER index: 0
		Write sub-BER index: 0
	PERIOD END

	PERIOD START
		For the period: 3
		Period Read Software Implementation Bytes/Bits: 39998 / 319984
		Period Read Proposed Implementation Bytes/Bits: 19999 / 159992
		Period Write Software Implementation Bytes/Bits: 40000 / 320000
		Period Write Proposed Implementation Bytes/Bits: 20000 / 160000

		Read sub-BER index: 0
		Write sub-BER index: 0
	PERIOD END

	PERIOD START
		For the period: 4
		Period Read Software Implementation Bytes/Bits: 39998 / 319984
		Period Read Proposed Implementation Bytes/Bits: 19999 / 159992
		Period Write Software Implementation Bytes/Bits: 80000 / 640000
		Period Write Proposed Implementation Bytes/Bits: 40000 / 320000

		Read sub-BER index: 0
		Write sub-BER index: 0
	PERIOD END

	BUFFER TOTALS
	Buffer Read Software Implementation Bytes/Bits: 199990 / 1599920
	Buffer Read Proposed Implementation Bytes/Bits: 99995 / 799960
	Buffer Write Software Implementation Bytes/Bits: 200000 / 1600000
	Buffer Write Proposed Implementation Bytes/Bits: 100000 / 800000
	Buffer Active Periods: 5
BUFFER END
